<?xml version="1.0" encoding="UTF-8"?>
<!-- Generated by org.testng.reporters.JUnitReportReporter -->
<testsuite hostname="DESKTOP-0S337OL" failures="0" tests="1" name="mobileTestng.TodayTestngMobileApp" time="64.230" errors="0" timestamp="2025-01-29T16:25:20 GMT+06:00" skipped="0">
  <testcase classname="mobileTestng.TodayTestngMobileApp" name="test_app_one" time="64.230"/>
  <system-out/>
</testsuite> <!-- mobileTestng.TodayTestngMobileApp -->
